Performing C++ SOURCE FILE Test YI_SUPPORTS_WX_FLAG failed with the following output:
Change Dir: /Users/juan.villa/Documents/youi/bitrise-youi/youi/build/osx/CMakeFiles/CMakeTmp

Run Build Command:"/usr/bin/xcodebuild" "-project" "CMAKE_TRY_COMPILE.xcodeproj" "build" "-target" "cmTC_92c10" "-configuration" "Debug"
=== BUILD TARGET cmTC_92c10 OF PROJECT CMAKE_TRY_COMPILE WITH CONFIGURATION Debug ===

Check dependencies

Write auxiliary files
/bin/mkdir -p /Users/juan.villa/Documents/youi/bitrise-youi/youi/build/osx/CMakeFiles/CMakeTmp/CMAKE_TRY_COMPILE.build/Debug/cmTC_92c10.build/Objects-normal/x86_64
write-file /Users/juan.villa/Documents/youi/bitrise-youi/youi/build/osx/CMakeFiles/CMakeTmp/CMAKE_TRY_COMPILE.build/Debug/cmTC_92c10.build/Objects-normal/x86_64/cmTC_92c10.LinkFileList

CompileC CMAKE_TRY_COMPILE.build/Debug/cmTC_92c10.build/Objects-normal/x86_64/src.o src.cxx normal x86_64 c++ com.apple.compilers.llvm.clang.1_0.compiler
    cd /Users/juan.villa/Documents/youi/bitrise-youi/youi/build/osx/CMakeFiles/CMakeTmp
    export LANG=en_US.US-ASCII
    /Applications/Xcode.app/Contents/Developer/Toolchains/XcodeDefault.xctoolchain/usr/bin/clang -x c++ -arch x86_64 -fmessage-length=0 -fdiagnostics-show-note-include-stack -fmacro-backtrace-limit=0 -Wno-trigraphs -fpascal-strings -O0 -Wno-missing-field-initializers -Wno-missing-prototypes -Wno-return-type -Wno-non-virtual-dtor -Wno-overloaded-virtual -Wno-exit-time-destructors -Wno-missing-braces -Wparentheses -Wswitch -Wno-unused-function -Wno-unused-label -Wno-unused-parameter -Wno-unused-variable -Wunused-value -Wno-empty-body -Wno-uninitialized -Wno-unknown-pragmas -Wno-shadow -Wno-four-char-constants -Wno-conversion -Wno-constant-conversion -Wno-int-conversion -Wno-bool-conversion -Wno-enum-conversion -Wno-float-conversion -Wno-non-literal-null-conversion -Wno-objc-literal-conversion -Wno-shorten-64-to-32 -Wno-newline-eof -Wno-c++11-extensions -DCMAKE_INTDIR=\"Debug\" -isysroot /Applications/Xcode.app/Contents/Developer/Platforms/MacOSX.platform/Developer/SDKs/MacOSX10.13.sdk -fasm-blocks -fstrict-aliasing -Wdeprecated-declarations -Winvalid-offsetof -mmacosx-version-min=10.13 -g -Wno-sign-conversion -Wno-infinite-recursion -Wno-move -Wno-comma -Wno-block-capture-autoreleasing -Wno-strict-prototypes -Wno-range-loop-analysis -I/Users/juan.villa/Documents/youi/bitrise-youi/youi/build/osx/CMakeFiles/CMakeTmp/Debug/include -I/Users/juan.villa/Documents/youi/bitrise-youi/youi/build/osx/CMakeFiles/CMakeTmp/CMAKE_TRY_COMPILE.build/Debug/cmTC_92c10.build/DerivedSources/x86_64 -I/Users/juan.villa/Documents/youi/bitrise-youi/youi/build/osx/CMakeFiles/CMakeTmp/CMAKE_TRY_COMPILE.build/Debug/cmTC_92c10.build/DerivedSources -Wmost -Wno-four-char-constants -Wno-unknown-pragmas -F/Users/juan.villa/Documents/youi/bitrise-youi/youi/build/osx/CMakeFiles/CMakeTmp/Debug -DYI_SUPPORTS_WX_FLAG -std=gnu++14 /WX -MMD -MT dependencies -MF /Users/juan.villa/Documents/youi/bitrise-youi/youi/build/osx/CMakeFiles/CMakeTmp/CMAKE_TRY_COMPILE.build/Debug/cmTC_92c10.build/Objects-normal/x86_64/src.d --serialize-diagnostics /Users/juan.villa/Documents/youi/bitrise-youi/youi/build/osx/CMakeFiles/CMakeTmp/CMAKE_TRY_COMPILE.build/Debug/cmTC_92c10.build/Objects-normal/x86_64/src.dia -c /Users/juan.villa/Documents/youi/bitrise-youi/youi/build/osx/CMakeFiles/CMakeTmp/src.cxx -o /Users/juan.villa/Documents/youi/bitrise-youi/youi/build/osx/CMakeFiles/CMakeTmp/CMAKE_TRY_COMPILE.build/Debug/cmTC_92c10.build/Objects-normal/x86_64/src.o
clang: error: no such file or directory: '/WX'

** BUILD FAILED **


The following build commands failed:
	CompileC CMAKE_TRY_COMPILE.build/Debug/cmTC_92c10.build/Objects-normal/x86_64/src.o src.cxx normal x86_64 c++ com.apple.compilers.llvm.clang.1_0.compiler
(1 failure)

Source file was:
int main() { return 0; }
